Build started 10/6/2013 8:11:35 PM.
     1>Project "C:\Users\ChrisA\Desktop\A2_ColorBlitz_AtkinsChristopher\build\vs2012\game.vcxproj" on node 2 (Build target(s)).
     1>PreBuildEvent:
         xcopy ..\..\dev\pc_ ..\.. /E /Y
         xcopy ..\..\jni\external\bin\x32 ..\..\bin\d32 /E /Y
         :VCEnd
         ..\..\dev\pc_\Info.plist
         ..\..\dev\pc_\Info_d.plist
         ..\..\dev\pc_\assets\icons\icon.png
         ..\..\dev\pc_\assets\sfx\104469__dkmedic__world.ogg
         ..\..\dev\pc_\Resources\Credits.rtf
         ..\..\dev\pc_\Resources\zenilib.icns
         6 File(s) copied
         ..\..\jni\external\bin\x32\msvcp100.dll
         ..\..\jni\external\bin\x32\msvcp110.dll
         ..\..\jni\external\bin\x32\msvcr100.dll
         ..\..\jni\external\bin\x32\msvcr110.dll
         ..\..\jni\external\bin\x32\soft_oal.dll
         ..\..\jni\external\bin\x32\vccorlib110.dll
         6 File(s) copied
       ClCompile:
         C:\Program Files (x86)\Microsoft Visual Studio 11.0\VC\bin\CL.exe /c /I..\..\jni\application /I..\..\jni\external\zenilib /I..\..\jni\external\zenilib\zeni_rest /I..\..\jni\external\zenilib\zeni_graphics /I..\..\jni\external\zenilib\zeni_net /I..\..\jni\external\zenilib\zeni_core /I..\..\jni\external\zenilib\zeni_audio /I..\..\jni\external\libvorbis\include /I..\..\jni\external\libogg\include /I..\..\jni\external\zenilib\zeni /I..\..\jni\external\sdl_net /I..\..\jni\external\sdl /I..\..\jni\external\tinyxml /ZI /nologo /W4 /WX- /Od /Oy- /D _WINDOWS /D WIN32 /D _CRT_SECURE_NO_DEPRECATE /D _DEBUG /D DEBUG /D TEST_NASTY_CONDITIONS /D DISABLE_CPP11 /D GLEW_NO_GLU /D ZLIB_DLL /D "OGG_DLL=__declspec(dllimport)" /D "VORBIS_DLL=__declspec(dllimport)" /D "VORBISFILE_DLL=__declspec(dllimport)" /D "LIB3DSAPI=__declspec(dllimport)" /D "TINYXML_DLL=__declspec(dllimport)" /D TINYXML_EXT=extern /D "ZENI_DLL=__declspec(dllimport)" /D ZENI_EXT=extern /D "ZENI_AUDIO_DLL=__declspec(dllimport)" /D ZENI_AUDIO_EXT=extern /D "ZENI_CORE_DLL=__declspec(dllimport)" /D ZENI_CORE_EXT=extern /D "ZENI_GRAPHICS_DLL=__declspec(dllimport)" /D ZENI_GRAPHICS_EXT=extern /D "ZENI_NET_DLL=__declspec(dllimport)" /D ZENI_NET_EXT=extern /D "ZENI_REST_DLL=__declspec(dllimport)" /D ZENI_REST_EXT=extern /D ENABLE_XINPUT /D _MBCS /Gm /EHsc /RTCc /RTC1 /MDd /GS /Gy /fp:precise /Zc:wchar_t /Zc:forScope /Fo"obj\x32\Debug\\" /Fd"..\..\bin\d32\game.pdb" /Gd /TP /analyze- /errorReport:prompt ..\..\jni\application\bootstrap.cpp
         bootstrap.cpp
     1>c:\users\chrisa\desktop\a2_colorblitz_atkinschristopher\jni\application\bootstrap.cpp(62): warning C4244: 'initializing' : conversion from 'float' to 'int', possible loss of data
     1>c:\users\chrisa\desktop\a2_colorblitz_atkinschristopher\jni\application\bootstrap.cpp(63): warning C4244: 'argument' : conversion from 'int' to 'const float', possible loss of data
     1>c:\users\chrisa\desktop\a2_colorblitz_atkinschristopher\jni\application\bootstrap.cpp(66): warning C4244: 'initializing' : conversion from 'float' to 'int', possible loss of data
     1>c:\users\chrisa\desktop\a2_colorblitz_atkinschristopher\jni\application\bootstrap.cpp(67): warning C4244: 'initializing' : conversion from 'float' to 'int', possible loss of data
     1>c:\users\chrisa\desktop\a2_colorblitz_atkinschristopher\jni\application\bootstrap.cpp(68): warning C4244: 'argument' : conversion from 'int' to 'const float', possible loss of data
     1>c:\users\chrisa\desktop\a2_colorblitz_atkinschristopher\jni\application\bootstrap.cpp(69): warning C4244: 'initializing' : conversion from 'float' to 'int', possible loss of data
     1>c:\users\chrisa\desktop\a2_colorblitz_atkinschristopher\jni\application\bootstrap.cpp(70): warning C4244: 'argument' : conversion from 'int' to 'const float', possible loss of data
     1>c:\users\chrisa\desktop\a2_colorblitz_atkinschristopher\jni\application\bootstrap.cpp(73): warning C4244: 'initializing' : conversion from 'float' to 'int', possible loss of data
     1>c:\users\chrisa\desktop\a2_colorblitz_atkinschristopher\jni\application\bootstrap.cpp(74): warning C4244: 'initializing' : conversion from 'float' to 'int', possible loss of data
     1>c:\users\chrisa\desktop\a2_colorblitz_atkinschristopher\jni\application\bootstrap.cpp(75): warning C4244: 'initializing' : conversion from 'float' to 'int', possible loss of data
     1>c:\users\chrisa\desktop\a2_colorblitz_atkinschristopher\jni\application\bootstrap.cpp(76): warning C4244: 'argument' : conversion from 'int' to 'const float', possible loss of data
     1>c:\users\chrisa\desktop\a2_colorblitz_atkinschristopher\jni\application\bootstrap.cpp(77): warning C4244: 'argument' : conversion from 'int' to 'const float', possible loss of data
     1>c:\users\chrisa\desktop\a2_colorblitz_atkinschristopher\jni\application\bootstrap.cpp(80): warning C4244: 'initializing' : conversion from 'float' to 'int', possible loss of data
     1>c:\users\chrisa\desktop\a2_colorblitz_atkinschristopher\jni\application\bootstrap.cpp(81): warning C4244: 'initializing' : conversion from 'float' to 'int', possible loss of data
     1>c:\users\chrisa\desktop\a2_colorblitz_atkinschristopher\jni\application\bootstrap.cpp(82): warning C4244: 'argument' : conversion from 'int' to 'const float', possible loss of data
     1>c:\users\chrisa\desktop\a2_colorblitz_atkinschristopher\jni\application\bootstrap.cpp(242): warning C4244: 'argument' : conversion from 'int' to 'const float', possible loss of data
     1>c:\users\chrisa\desktop\a2_colorblitz_atkinschristopher\jni\application\bootstrap.cpp(245): warning C4244: 'initializing' : conversion from 'float' to 'int', possible loss of data
     1>c:\users\chrisa\desktop\a2_colorblitz_atkinschristopher\jni\application\bootstrap.cpp(248): warning C4244: 'argument' : conversion from 'int' to 'const float', possible loss of data
       Link:
         C:\Program Files (x86)\Microsoft Visual Studio 11.0\VC\bin\link.exe /ERRORREPORT:PROMPT /OUT:"..\..\bin\d32\game.exe" /INCREMENTAL /NOLOGO /LIBPATH:..\..\bin\d32 glu32.lib opengl32.lib local_SDLmain_d.lib zeni_rest_d.lib zeni_graphics_d.lib zeni_net_d.lib zeni_core_d.lib zeni_audio_d.lib zeni_d.lib local_GLEW_d.lib local_SDL_d.lib kernel32.lib user32.lib gdi32.lib winspool.lib comdlg32.lib advapi32.lib shell32.lib ole32.lib oleaut32.lib uuid.lib odbc32.lib odbccp32.lib /MANIFEST /MANIFESTUAC:"level='asInvoker' uiAccess='false'" /manifest:embed /DEBUG /PDB:"..\..\bin\d32\game.pdb" /SUBSYSTEM:WINDOWS /TLBID:1 /ENTRY:"mainCRTStartup" /DYNAMICBASE /NXCOMPAT /IMPLIB:"..\..\bin\d32\game.lib" /MACHINE:X86 obj\x32\Debug\bootstrap.obj
         obj\x32\Debug\item.obj
         obj\x32\Debug\map.obj
         obj\x32\Debug\orb.obj
         obj\x32\Debug\orb_container.obj
         obj\x32\Debug\orb_logic.obj
         obj\x32\Debug\player.obj
         obj\x32\Debug\rect.obj
         game.vcxproj -> C:\Users\ChrisA\Desktop\A2_ColorBlitz_AtkinsChristopher\build\vs2012\..\..\bin\d32\game.exe
     1>Done Building Project "C:\Users\ChrisA\Desktop\A2_ColorBlitz_AtkinsChristopher\build\vs2012\game.vcxproj" (Build target(s)).

Build succeeded.

Time Elapsed 00:00:08.11
